0 info it worked if it ends with ok
1 verbose cli [ 'node',
1 verbose cli   '/usr/local/bin/npm',
1 verbose cli   'install',
1 verbose cli   'angular-payments',
1 verbose cli   '--save' ]
2 info using npm@1.4.28
3 info using node@v0.10.35
4 warn package.json karma-coffee-preprocessor@0.2.1 No README data
5 warn package.json karma-firefox-launcher@0.1.4 No README data
6 warn package.json mandrill-api@1.0.41 No README data
7 warn package.json passport-local@0.1.6 No README data
8 verbose readDependencies using package.json deps
9 verbose cache add [ 'angular-payments', null ]
10 verbose cache add name=undefined spec="angular-payments" args=["angular-payments",null]
11 verbose parsed url { protocol: null,
11 verbose parsed url   slashes: null,
11 verbose parsed url   auth: null,
11 verbose parsed url   host: null,
11 verbose parsed url   port: null,
11 verbose parsed url   hostname: null,
11 verbose parsed url   hash: null,
11 verbose parsed url   search: null,
11 verbose parsed url   query: null,
11 verbose parsed url   pathname: 'angular-payments',
11 verbose parsed url   path: 'angular-payments',
11 verbose parsed url   href: 'angular-payments' }
12 silly lockFile acb70c06-angular-payments angular-payments
13 verbose lock angular-payments /Users/mitsuakiuchimoto/.npm/acb70c06-angular-payments.lock
14 silly lockFile acb70c06-angular-payments angular-payments
15 silly lockFile acb70c06-angular-payments angular-payments
16 verbose addNamed [ 'angular-payments', '' ]
17 verbose addNamed [ null, '*' ]
18 silly lockFile f329ca4e-angular-payments angular-payments@
19 verbose lock angular-payments@ /Users/mitsuakiuchimoto/.npm/f329ca4e-angular-payments.lock
20 silly addNameRange { name: 'angular-payments', range: '*', hasData: false }
21 verbose request where is /angular-payments
22 verbose request registry https://registry.npmjs.org/
23 verbose request id 2deeb815411ba21e
24 verbose url raw /angular-payments
25 verbose url resolving [ 'https://registry.npmjs.org/', './angular-payments' ]
26 verbose url resolved https://registry.npmjs.org/angular-payments
27 verbose request where is https://registry.npmjs.org/angular-payments
28 info trying registry request attempt 1 at 11:53:24
29 http GET https://registry.npmjs.org/angular-payments
30 http 404 https://registry.npmjs.org/angular-payments
31 verbose headers { date: 'Mon, 09 Feb 2015 16:53:24 GMT',
31 verbose headers   server: 'CouchDB/1.5.0 (Erlang OTP/R16B03)',
31 verbose headers   'content-type': 'application/json',
31 verbose headers   'cache-control': 'max-age=0',
31 verbose headers   'content-length': '52',
31 verbose headers   'accept-ranges': 'bytes',
31 verbose headers   via: '1.1 varnish',
31 verbose headers   age: '0',
31 verbose headers   'x-served-by': 'cache-iad2132-IAD',
31 verbose headers   'x-cache': 'MISS',
31 verbose headers   'x-cache-hits': '0',
31 verbose headers   'x-timer': 'S1423500804.404457,VS0,VE71',
31 verbose headers   'keep-alive': 'timeout=10, max=50',
31 verbose headers   connection: 'Keep-Alive' }
32 silly registry.get cb [ 404,
32 silly registry.get   { date: 'Mon, 09 Feb 2015 16:53:24 GMT',
32 silly registry.get     server: 'CouchDB/1.5.0 (Erlang OTP/R16B03)',
32 silly registry.get     'content-type': 'application/json',
32 silly registry.get     'cache-control': 'max-age=0',
32 silly registry.get     'content-length': '52',
32 silly registry.get     'accept-ranges': 'bytes',
32 silly registry.get     via: '1.1 varnish',
32 silly registry.get     age: '0',
32 silly registry.get     'x-served-by': 'cache-iad2132-IAD',
32 silly registry.get     'x-cache': 'MISS',
32 silly registry.get     'x-cache-hits': '0',
32 silly registry.get     'x-timer': 'S1423500804.404457,VS0,VE71',
32 silly registry.get     'keep-alive': 'timeout=10, max=50',
32 silly registry.get     connection: 'Keep-Alive' } ]
33 silly lockFile f329ca4e-angular-payments angular-payments@
34 silly lockFile f329ca4e-angular-payments angular-payments@
35 error 404 404 Not Found: angular-payments
35 error 404
35 error 404 'angular-payments' is not in the npm registry.
35 error 404 You should bug the author to publish it
35 error 404 It was specified as a dependency of 'cornerfind'
35 error 404
35 error 404 Note that you can also install from a
35 error 404 tarball, folder, or http url, or git url.
36 error System Darwin 14.0.0
37 error command "node" "/usr/local/bin/npm" "install" "angular-payments" "--save"
38 error cwd /Users/mitsuakiuchimoto/fullstack/projects/cornerfind
39 error node -v v0.10.35
40 error npm -v 1.4.28
41 error code E404
42 verbose exit [ 1, true ]
